
===========================================================================
report_checks -path_delay min (Hold)
============================================================================
======================= Typical Corner ===================================

Startpoint: la_data_in[4] (input port clocked by clk)
Endpoint: _39_ (rising edge-triggered flip-flop clocked by clk)
Path Group: clk
Path Type: min

Fanout     Cap    Slew   Delay    Time   Description
-----------------------------------------------------------------------------
                          0.00    0.00   clock clk (rise edge)
                          4.65    4.65   clock network delay (propagated)
                          0.18    4.83 ^ input external delay
                  0.07    0.00    4.83 ^ la_data_in[4] (in)
     1    0.00                           la_data_in[4] (net)
                  0.07    0.00    4.83 ^ _27_/A0 (sky130_fd_sc_hd__mux2_1)
                  0.12    0.17    5.00 ^ _27_/X (sky130_fd_sc_hd__mux2_1)
     3    0.01                           _12_ (net)
                  0.12    0.00    5.00 ^ _31_/B1 (sky130_fd_sc_hd__a311oi_2)
                  0.03    0.05    5.05 v _31_/Y (sky130_fd_sc_hd__a311oi_2)
     1    0.00                           _02_ (net)
                  0.03    0.00    5.05 v _39_/D (sky130_fd_sc_hd__dfxtp_2)
                                  5.05   data arrival time

                          0.00    0.00   clock clk (rise edge)
                          5.57    5.57   clock source latency
                  0.61    0.00    5.57 ^ wb_clk_i (in)
     1    0.00                           wb_clk_i (net)
                  0.61    0.00    5.57 ^ _21_/A1 (sky130_fd_sc_hd__mux2_1)
                  0.11    0.29    5.86 ^ _21_/X (sky130_fd_sc_hd__mux2_1)
     5    0.01                           clk (net)
                  0.11    0.00    5.86 ^ _39_/CLK (sky130_fd_sc_hd__dfxtp_2)
                          0.25    6.11   clock uncertainty
                          0.00    6.11   clock reconvergence pessimism
                         -0.03    6.08   library hold time
                                  6.08   data required time
-----------------------------------------------------------------------------
                                  6.08   data required time
                                 -5.05   data arrival time
-----------------------------------------------------------------------------
                                 -1.03   slack (VIOLATED)


Startpoint: la_data_in[2] (input port clocked by clk)
Endpoint: _37_ (rising edge-triggered flip-flop clocked by clk)
Path Group: clk
Path Type: min

Fanout     Cap    Slew   Delay    Time   Description
-----------------------------------------------------------------------------
                          0.00    0.00   clock clk (rise edge)
                          4.65    4.65   clock network delay (propagated)
                          0.18    4.83 v input external delay
                  0.07    0.00    4.83 v la_data_in[2] (in)
     2    0.01                           la_data_in[2] (net)
                  0.07    0.00    4.83 v _20_/A (sky130_fd_sc_hd__inv_2)
                  0.04    0.05    4.88 ^ _20_/Y (sky130_fd_sc_hd__inv_2)
     1    0.01                           _06_ (net)
                  0.04    0.00    4.88 ^ _26_/A2 (sky130_fd_sc_hd__a21oi_2)
                  0.04    0.07    4.96 v _26_/Y (sky130_fd_sc_hd__a21oi_2)
     5    0.01                           _11_ (net)
                  0.04    0.00    4.96 v _29_/B (sky130_fd_sc_hd__and3_2)
                  0.03    0.17    5.13 v _29_/X (sky130_fd_sc_hd__and3_2)
     1    0.00                           _01_ (net)
                  0.03    0.00    5.13 v _37_/D (sky130_fd_sc_hd__dfxtp_2)
                                  5.13   data arrival time

                          0.00    0.00   clock clk (rise edge)
                          5.57    5.57   clock source latency
                  0.61    0.00    5.57 ^ wb_clk_i (in)
     1    0.00                           wb_clk_i (net)
                  0.61    0.00    5.57 ^ _21_/A1 (sky130_fd_sc_hd__mux2_1)
                  0.11    0.29    5.86 ^ _21_/X (sky130_fd_sc_hd__mux2_1)
     5    0.01                           clk (net)
                  0.11    0.00    5.86 ^ _37_/CLK (sky130_fd_sc_hd__dfxtp_2)
                          0.25    6.11   clock uncertainty
                          0.00    6.11   clock reconvergence pessimism
                         -0.03    6.08   library hold time
                                  6.08   data required time
-----------------------------------------------------------------------------
                                  6.08   data required time
                                 -5.13   data arrival time
-----------------------------------------------------------------------------
                                 -0.95   slack (VIOLATED)


Startpoint: la_data_in[4] (input port clocked by clk)
Endpoint: _41_ (rising edge-triggered flip-flop clocked by clk)
Path Group: clk
Path Type: min

Fanout     Cap    Slew   Delay    Time   Description
-----------------------------------------------------------------------------
                          0.00    0.00   clock clk (rise edge)
                          4.65    4.65   clock network delay (propagated)
                          0.18    4.83 ^ input external delay
                  0.07    0.00    4.83 ^ la_data_in[4] (in)
     1    0.00                           la_data_in[4] (net)
                  0.07    0.00    4.83 ^ _27_/A0 (sky130_fd_sc_hd__mux2_1)
                  0.12    0.17    5.00 ^ _27_/X (sky130_fd_sc_hd__mux2_1)
     3    0.01                           _12_ (net)
                  0.12    0.00    5.00 ^ _28_/A (sky130_fd_sc_hd__inv_2)
                  0.03    0.03    5.04 v _28_/Y (sky130_fd_sc_hd__inv_2)
     2    0.00                           _13_ (net)
                  0.03    0.00    5.04 v _36_/A (sky130_fd_sc_hd__and2_2)
                  0.03    0.14    5.18 v _36_/X (sky130_fd_sc_hd__and2_2)
     1    0.00                           _04_ (net)
                  0.03    0.00    5.18 v _41_/D (sky130_fd_sc_hd__dfxtp_2)
                                  5.18   data arrival time

                          0.00    0.00   clock clk (rise edge)
                          5.57    5.57   clock source latency
                  0.61    0.00    5.57 ^ wb_clk_i (in)
     1    0.00                           wb_clk_i (net)
                  0.61    0.00    5.57 ^ _21_/A1 (sky130_fd_sc_hd__mux2_1)
                  0.11    0.29    5.86 ^ _21_/X (sky130_fd_sc_hd__mux2_1)
     5    0.01                           clk (net)
                  0.11    0.00    5.86 ^ _41_/CLK (sky130_fd_sc_hd__dfxtp_2)
                          0.25    6.11   clock uncertainty
                          0.00    6.11   clock reconvergence pessimism
                         -0.03    6.08   library hold time
                                  6.08   data required time
-----------------------------------------------------------------------------
                                  6.08   data required time
                                 -5.18   data arrival time
-----------------------------------------------------------------------------
                                 -0.90   slack (VIOLATED)


Startpoint: la_data_in[4] (input port clocked by clk)
Endpoint: _40_ (rising edge-triggered flip-flop clocked by clk)
Path Group: clk
Path Type: min

Fanout     Cap    Slew   Delay    Time   Description
-----------------------------------------------------------------------------
                          0.00    0.00   clock clk (rise edge)
                          4.65    4.65   clock network delay (propagated)
                          0.18    4.83 ^ input external delay
                  0.07    0.00    4.83 ^ la_data_in[4] (in)
     1    0.00                           la_data_in[4] (net)
                  0.07    0.00    4.83 ^ _27_/A0 (sky130_fd_sc_hd__mux2_1)
                  0.12    0.17    5.00 ^ _27_/X (sky130_fd_sc_hd__mux2_1)
     3    0.01                           _12_ (net)
                  0.12    0.00    5.00 ^ _33_/B1 (sky130_fd_sc_hd__a41o_2)
                  0.03    0.10    5.10 ^ _33_/X (sky130_fd_sc_hd__a41o_2)
     1    0.00                           _16_ (net)
                  0.03    0.00    5.10 ^ _34_/A_N (sky130_fd_sc_hd__and2b_2)
                  0.03    0.18    5.28 v _34_/X (sky130_fd_sc_hd__and2b_2)
     1    0.00                           _03_ (net)
                  0.03    0.00    5.28 v _40_/D (sky130_fd_sc_hd__dfxtp_2)
                                  5.28   data arrival time

                          0.00    0.00   clock clk (rise edge)
                          5.57    5.57   clock source latency
                  0.61    0.00    5.57 ^ wb_clk_i (in)
     1    0.00                           wb_clk_i (net)
                  0.61    0.00    5.57 ^ _21_/A1 (sky130_fd_sc_hd__mux2_1)
                  0.11    0.29    5.86 ^ _21_/X (sky130_fd_sc_hd__mux2_1)
     5    0.01                           clk (net)
                  0.11    0.00    5.86 ^ _40_/CLK (sky130_fd_sc_hd__dfxtp_2)
                          0.25    6.11   clock uncertainty
                          0.00    6.11   clock reconvergence pessimism
                         -0.03    6.08   library hold time
                                  6.08   data required time
-----------------------------------------------------------------------------
                                  6.08   data required time
                                 -5.28   data arrival time
-----------------------------------------------------------------------------
                                 -0.80   slack (VIOLATED)


Startpoint: _38_ (rising edge-triggered flip-flop clocked by clk)
Endpoint: _38_ (rising edge-triggered flip-flop clocked by clk)
Path Group: clk
Path Type: min

Fanout     Cap    Slew   Delay    Time   Description
-----------------------------------------------------------------------------
                          0.00    0.00   clock clk (rise edge)
                          4.65    4.65   clock source latency
                  0.61    0.00    4.65 ^ wb_clk_i (in)
     1    0.00                           wb_clk_i (net)
                  0.61    0.00    4.65 ^ _21_/A1 (sky130_fd_sc_hd__mux2_1)
                  0.10    0.26    4.91 ^ _21_/X (sky130_fd_sc_hd__mux2_1)
     5    0.01                           clk (net)
                  0.10    0.00    4.91 ^ _38_/CLK (sky130_fd_sc_hd__dfxtp_2)
                  0.04    0.32    5.23 v _38_/Q (sky130_fd_sc_hd__dfxtp_2)
     2    0.01                           h_tag (net)
                  0.04    0.00    5.23 v _19_/A (sky130_fd_sc_hd__inv_2)
                  0.03    0.04    5.27 ^ _19_/Y (sky130_fd_sc_hd__inv_2)
     2    0.00                           _00_ (net)
                  0.03    0.00    5.27 ^ _38_/D (sky130_fd_sc_hd__dfxtp_2)
                                  5.27   data arrival time

                          0.00    0.00   clock clk (rise edge)
                          5.57    5.57   clock source latency
                  0.61    0.00    5.57 ^ wb_clk_i (in)
     1    0.00                           wb_clk_i (net)
                  0.61    0.00    5.57 ^ _21_/A1 (sky130_fd_sc_hd__mux2_1)
                  0.11    0.29    5.86 ^ _21_/X (sky130_fd_sc_hd__mux2_1)
     5    0.01                           clk (net)
                  0.11    0.00    5.86 ^ _38_/CLK (sky130_fd_sc_hd__dfxtp_2)
                          0.25    6.11   clock uncertainty
                         -0.95    5.16   clock reconvergence pessimism
                         -0.02    5.14   library hold time
                                  5.14   data required time
-----------------------------------------------------------------------------
                                  5.14   data required time
                                 -5.27   data arrival time
-----------------------------------------------------------------------------
                                  0.13   slack (MET)



